DEBUG - 2025-09-08 03:59:12 --> Session: Class initialized using 'CodeIgniter\Session\Handlers\FileHandler' driver.
DEBUG - 2025-09-08 03:59:47 --> Session: Class initialized using 'CodeIgniter\Session\Handlers\FileHandler' driver.
DEBUG - 2025-09-08 03:59:49 --> Session: Class initialized using 'CodeIgniter\Session\Handlers\FileHandler' driver.
DEBUG - 2025-09-08 03:59:52 --> Session: Class initialized using 'CodeIgniter\Session\Handlers\FileHandler' driver.
INFO - 2025-09-08 04:03:07 --> CSRF token verified.
DEBUG - 2025-09-08 04:03:08 --> Session: Class initialized using 'CodeIgniter\Session\Handlers\FileHandler' driver.
DEBUG - 2025-09-08 04:03:08 --> Session: Class initialized using 'CodeIgniter\Session\Handlers\FileHandler' driver.
DEBUG - 2025-09-08 04:03:26 --> Session: Class initialized using 'CodeIgniter\Session\Handlers\FileHandler' driver.
DEBUG - 2025-09-08 04:03:26 --> Session: Class initialized using 'CodeIgniter\Session\Handlers\FileHandler' driver.
DEBUG - 2025-09-08 04:50:29 --> Session: Class initialized using 'CodeIgniter\Session\Handlers\FileHandler' driver.
DEBUG - 2025-09-08 04:50:32 --> Session: Class initialized using 'CodeIgniter\Session\Handlers\FileHandler' driver.
DEBUG - 2025-09-08 04:50:34 --> Session: Class initialized using 'CodeIgniter\Session\Handlers\FileHandler' driver.
DEBUG - 2025-09-08 04:50:37 --> Session: Class initialized using 'CodeIgniter\Session\Handlers\FileHandler' driver.
DEBUG - 2025-09-08 04:50:42 --> Session: Class initialized using 'CodeIgniter\Session\Handlers\FileHandler' driver.
DEBUG - 2025-09-08 06:46:48 --> Session: Class initialized using 'CodeIgniter\Session\Handlers\FileHandler' driver.
DEBUG - 2025-09-08 06:46:54 --> Session: Class initialized using 'CodeIgniter\Session\Handlers\FileHandler' driver.
DEBUG - 2025-09-08 07:47:15 --> Session: Class initialized using 'CodeIgniter\Session\Handlers\FileHandler' driver.
DEBUG - 2025-09-08 07:47:24 --> Session: Class initialized using 'CodeIgniter\Session\Handlers\FileHandler' driver.
DEBUG - 2025-09-08 07:47:26 --> Session: Class initialized using 'CodeIgniter\Session\Handlers\FileHandler' driver.
DEBUG - 2025-09-08 07:47:28 --> Session: Class initialized using 'CodeIgniter\Session\Handlers\FileHandler' driver.
DEBUG - 2025-09-08 07:47:30 --> Session: Class initialized using 'CodeIgniter\Session\Handlers\FileHandler' driver.
DEBUG - 2025-09-08 07:47:33 --> Session: Class initialized using 'CodeIgniter\Session\Handlers\FileHandler' driver.
DEBUG - 2025-09-08 15:30:45 --> Session: Class initialized using 'CodeIgniter\Session\Handlers\FileHandler' driver.
ERROR - 2025-09-08 15:34:36 --> mysqli_sql_exception: Can't create table `lms_mansueto`.`courses` (errno: 150 "Foreign key constraint is incorrectly formed") in C:\xampp\htdocs\ITE311-MANSUETO\system\Database\MySQLi\Connection.php:327
Stack trace:
#0 C:\xampp\htdocs\ITE311-MANSUETO\system\Database\MySQLi\Connection.php(327): mysqli->query('CREATE TABLE `c...', 0)
#1 C:\xampp\htdocs\ITE311-MANSUETO\system\Database\BaseConnection.php(729): CodeIgniter\Database\MySQLi\Connection->execute('CREATE TABLE `c...')
#2 C:\xampp\htdocs\ITE311-MANSUETO\system\Database\BaseConnection.php(646): CodeIgniter\Database\BaseConnection->simpleQuery('CREATE TABLE `c...')
#3 C:\xampp\htdocs\ITE311-MANSUETO\system\Database\Forge.php(570): CodeIgniter\Database\BaseConnection->query('CREATE TABLE `c...')
#4 C:\xampp\htdocs\ITE311-MANSUETO\app\Database\Migrations\20250819143120_CreateCoursesTable.php(40): CodeIgniter\Database\Forge->createTable('courses')
#5 C:\xampp\htdocs\ITE311-MANSUETO\system\Database\MigrationRunner.php(876): App\Database\Migrations\CreateCoursesTable->up()
#6 C:\xampp\htdocs\ITE311-MANSUETO\system\Database\MigrationRunner.php(182): CodeIgniter\Database\MigrationRunner->migrate('up', Object(stdClass))
#7 C:\xampp\htdocs\ITE311-MANSUETO\system\Commands\Database\Migrate.php(85): CodeIgniter\Database\MigrationRunner->latest(NULL)
#8 C:\xampp\htdocs\ITE311-MANSUETO\system\CLI\Commands.php(74): CodeIgniter\Commands\Database\Migrate->run(Array)
#9 C:\xampp\htdocs\ITE311-MANSUETO\system\CLI\Console.php(47): CodeIgniter\CLI\Commands->run('migrate', Array)
#10 C:\xampp\htdocs\ITE311-MANSUETO\system\Boot.php(388): CodeIgniter\CLI\Console->run()
#11 C:\xampp\htdocs\ITE311-MANSUETO\system\Boot.php(133): CodeIgniter\Boot::runCommand(Object(CodeIgniter\CLI\Console))
#12 C:\xampp\htdocs\ITE311-MANSUETO\spark(87): CodeIgniter\Boot::bootSpark(Object(Config\Paths))
#13 {main}
ERROR - 2025-09-08 15:34:36 --> mysqli_sql_exception: Can't create table `lms_mansueto`.`enrollments` (errno: 150 "Foreign key constraint is incorrectly formed") in C:\xampp\htdocs\ITE311-MANSUETO\system\Database\MySQLi\Connection.php:327
Stack trace:
#0 C:\xampp\htdocs\ITE311-MANSUETO\system\Database\MySQLi\Connection.php(327): mysqli->query('CREATE TABLE `e...', 0)
#1 C:\xampp\htdocs\ITE311-MANSUETO\system\Database\BaseConnection.php(729): CodeIgniter\Database\MySQLi\Connection->execute('CREATE TABLE `e...')
#2 C:\xampp\htdocs\ITE311-MANSUETO\system\Database\BaseConnection.php(646): CodeIgniter\Database\BaseConnection->simpleQuery('CREATE TABLE `e...')
#3 C:\xampp\htdocs\ITE311-MANSUETO\system\Database\Forge.php(570): CodeIgniter\Database\BaseConnection->query('CREATE TABLE `e...')
#4 C:\xampp\htdocs\ITE311-MANSUETO\app\Database\Migrations\20250819143122_CreateEnrollmentsTable.php(41): CodeIgniter\Database\Forge->createTable('enrollments')
#5 C:\xampp\htdocs\ITE311-MANSUETO\system\Database\MigrationRunner.php(876): App\Database\Migrations\CreateEnrollmentsTable->up()
#6 C:\xampp\htdocs\ITE311-MANSUETO\system\Database\MigrationRunner.php(182): CodeIgniter\Database\MigrationRunner->migrate('up', Object(stdClass))
#7 C:\xampp\htdocs\ITE311-MANSUETO\system\Commands\Database\Migrate.php(85): CodeIgniter\Database\MigrationRunner->latest(NULL)
#8 C:\xampp\htdocs\ITE311-MANSUETO\system\CLI\Commands.php(74): CodeIgniter\Commands\Database\Migrate->run(Array)
#9 C:\xampp\htdocs\ITE311-MANSUETO\system\CLI\Console.php(47): CodeIgniter\CLI\Commands->run('migrate', Array)
#10 C:\xampp\htdocs\ITE311-MANSUETO\system\Boot.php(388): CodeIgniter\CLI\Console->run()
#11 C:\xampp\htdocs\ITE311-MANSUETO\system\Boot.php(133): CodeIgniter\Boot::runCommand(Object(CodeIgniter\CLI\Console))
#12 C:\xampp\htdocs\ITE311-MANSUETO\spark(87): CodeIgniter\Boot::bootSpark(Object(Config\Paths))
#13 {main}
ERROR - 2025-09-08 15:34:36 --> mysqli_sql_exception: Table 'lms_mansueto.enrollments' doesn't exist in C:\xampp\htdocs\ITE311-MANSUETO\system\Database\MySQLi\Connection.php:327
Stack trace:
#0 C:\xampp\htdocs\ITE311-MANSUETO\system\Database\MySQLi\Connection.php(327): mysqli->query('CREATE UNIQUE I...', 0)
#1 C:\xampp\htdocs\ITE311-MANSUETO\system\Database\BaseConnection.php(729): CodeIgniter\Database\MySQLi\Connection->execute('CREATE UNIQUE I...')
#2 C:\xampp\htdocs\ITE311-MANSUETO\system\Database\BaseConnection.php(646): CodeIgniter\Database\BaseConnection->simpleQuery('CREATE UNIQUE I...')
#3 C:\xampp\htdocs\ITE311-MANSUETO\app\Database\Migrations\20250819143122_CreateEnrollmentsTable.php(44): CodeIgniter\Database\BaseConnection->query('CREATE UNIQUE I...')
#4 C:\xampp\htdocs\ITE311-MANSUETO\system\Database\MigrationRunner.php(876): App\Database\Migrations\CreateEnrollmentsTable->up()
#5 C:\xampp\htdocs\ITE311-MANSUETO\system\Database\MigrationRunner.php(182): CodeIgniter\Database\MigrationRunner->migrate('up', Object(stdClass))
#6 C:\xampp\htdocs\ITE311-MANSUETO\system\Commands\Database\Migrate.php(85): CodeIgniter\Database\MigrationRunner->latest(NULL)
#7 C:\xampp\htdocs\ITE311-MANSUETO\system\CLI\Commands.php(74): CodeIgniter\Commands\Database\Migrate->run(Array)
#8 C:\xampp\htdocs\ITE311-MANSUETO\system\CLI\Console.php(47): CodeIgniter\CLI\Commands->run('migrate', Array)
#9 C:\xampp\htdocs\ITE311-MANSUETO\system\Boot.php(388): CodeIgniter\CLI\Console->run()
#10 C:\xampp\htdocs\ITE311-MANSUETO\system\Boot.php(133): CodeIgniter\Boot::runCommand(Object(CodeIgniter\CLI\Console))
#11 C:\xampp\htdocs\ITE311-MANSUETO\spark(87): CodeIgniter\Boot::bootSpark(Object(Config\Paths))
#12 {main}
ERROR - 2025-09-08 15:34:36 --> mysqli_sql_exception: Can't create table `lms_mansueto`.`lessons` (errno: 150 "Foreign key constraint is incorrectly formed") in C:\xampp\htdocs\ITE311-MANSUETO\system\Database\MySQLi\Connection.php:327
Stack trace:
#0 C:\xampp\htdocs\ITE311-MANSUETO\system\Database\MySQLi\Connection.php(327): mysqli->query('CREATE TABLE `l...', 0)
#1 C:\xampp\htdocs\ITE311-MANSUETO\system\Database\BaseConnection.php(729): CodeIgniter\Database\MySQLi\Connection->execute('CREATE TABLE `l...')
#2 C:\xampp\htdocs\ITE311-MANSUETO\system\Database\BaseConnection.php(646): CodeIgniter\Database\BaseConnection->simpleQuery('CREATE TABLE `l...')
#3 C:\xampp\htdocs\ITE311-MANSUETO\system\Database\Forge.php(570): CodeIgniter\Database\BaseConnection->query('CREATE TABLE `l...')
#4 C:\xampp\htdocs\ITE311-MANSUETO\app\Database\Migrations\20250819143123_CreateLessonsTable.php(40): CodeIgniter\Database\Forge->createTable('lessons')
#5 C:\xampp\htdocs\ITE311-MANSUETO\system\Database\MigrationRunner.php(876): App\Database\Migrations\CreateLessonsTable->up()
#6 C:\xampp\htdocs\ITE311-MANSUETO\system\Database\MigrationRunner.php(182): CodeIgniter\Database\MigrationRunner->migrate('up', Object(stdClass))
#7 C:\xampp\htdocs\ITE311-MANSUETO\system\Commands\Database\Migrate.php(85): CodeIgniter\Database\MigrationRunner->latest(NULL)
#8 C:\xampp\htdocs\ITE311-MANSUETO\system\CLI\Commands.php(74): CodeIgniter\Commands\Database\Migrate->run(Array)
#9 C:\xampp\htdocs\ITE311-MANSUETO\system\CLI\Console.php(47): CodeIgniter\CLI\Commands->run('migrate', Array)
#10 C:\xampp\htdocs\ITE311-MANSUETO\system\Boot.php(388): CodeIgniter\CLI\Console->run()
#11 C:\xampp\htdocs\ITE311-MANSUETO\system\Boot.php(133): CodeIgniter\Boot::runCommand(Object(CodeIgniter\CLI\Console))
#12 C:\xampp\htdocs\ITE311-MANSUETO\spark(87): CodeIgniter\Boot::bootSpark(Object(Config\Paths))
#13 {main}
ERROR - 2025-09-08 15:34:36 --> mysqli_sql_exception: Can't create table `lms_mansueto`.`quizzes` (errno: 150 "Foreign key constraint is incorrectly formed") in C:\xampp\htdocs\ITE311-MANSUETO\system\Database\MySQLi\Connection.php:327
Stack trace:
#0 C:\xampp\htdocs\ITE311-MANSUETO\system\Database\MySQLi\Connection.php(327): mysqli->query('CREATE TABLE `q...', 0)
#1 C:\xampp\htdocs\ITE311-MANSUETO\system\Database\BaseConnection.php(729): CodeIgniter\Database\MySQLi\Connection->execute('CREATE TABLE `q...')
#2 C:\xampp\htdocs\ITE311-MANSUETO\system\Database\BaseConnection.php(646): CodeIgniter\Database\BaseConnection->simpleQuery('CREATE TABLE `q...')
#3 C:\xampp\htdocs\ITE311-MANSUETO\system\Database\Forge.php(570): CodeIgniter\Database\BaseConnection->query('CREATE TABLE `q...')
#4 C:\xampp\htdocs\ITE311-MANSUETO\app\Database\Migrations\20250819143124_CreateQuizzesTable.php(31): CodeIgniter\Database\Forge->createTable('quizzes')
#5 C:\xampp\htdocs\ITE311-MANSUETO\system\Database\MigrationRunner.php(876): App\Database\Migrations\CreateQuizzesTable->up()
#6 C:\xampp\htdocs\ITE311-MANSUETO\system\Database\MigrationRunner.php(182): CodeIgniter\Database\MigrationRunner->migrate('up', Object(stdClass))
#7 C:\xampp\htdocs\ITE311-MANSUETO\system\Commands\Database\Migrate.php(85): CodeIgniter\Database\MigrationRunner->latest(NULL)
#8 C:\xampp\htdocs\ITE311-MANSUETO\system\CLI\Commands.php(74): CodeIgniter\Commands\Database\Migrate->run(Array)
#9 C:\xampp\htdocs\ITE311-MANSUETO\system\CLI\Console.php(47): CodeIgniter\CLI\Commands->run('migrate', Array)
#10 C:\xampp\htdocs\ITE311-MANSUETO\system\Boot.php(388): CodeIgniter\CLI\Console->run()
#11 C:\xampp\htdocs\ITE311-MANSUETO\system\Boot.php(133): CodeIgniter\Boot::runCommand(Object(CodeIgniter\CLI\Console))
#12 C:\xampp\htdocs\ITE311-MANSUETO\spark(87): CodeIgniter\Boot::bootSpark(Object(Config\Paths))
#13 {main}
ERROR - 2025-09-08 15:34:36 --> mysqli_sql_exception: Can't create table `lms_mansueto`.`submissions` (errno: 150 "Foreign key constraint is incorrectly formed") in C:\xampp\htdocs\ITE311-MANSUETO\system\Database\MySQLi\Connection.php:327
Stack trace:
#0 C:\xampp\htdocs\ITE311-MANSUETO\system\Database\MySQLi\Connection.php(327): mysqli->query('CREATE TABLE `s...', 0)
#1 C:\xampp\htdocs\ITE311-MANSUETO\system\Database\BaseConnection.php(729): CodeIgniter\Database\MySQLi\Connection->execute('CREATE TABLE `s...')
#2 C:\xampp\htdocs\ITE311-MANSUETO\system\Database\BaseConnection.php(646): CodeIgniter\Database\BaseConnection->simpleQuery('CREATE TABLE `s...')
#3 C:\xampp\htdocs\ITE311-MANSUETO\system\Database\Forge.php(570): CodeIgniter\Database\BaseConnection->query('CREATE TABLE `s...')
#4 C:\xampp\htdocs\ITE311-MANSUETO\app\Database\Migrations\20250819143126_CreateSubmissionsTable.php(55): CodeIgniter\Database\Forge->createTable('submissions')
#5 C:\xampp\htdocs\ITE311-MANSUETO\system\Database\MigrationRunner.php(876): App\Database\Migrations\CreateSubmissionsTable->up()
#6 C:\xampp\htdocs\ITE311-MANSUETO\system\Database\MigrationRunner.php(182): CodeIgniter\Database\MigrationRunner->migrate('up', Object(stdClass))
#7 C:\xampp\htdocs\ITE311-MANSUETO\system\Commands\Database\Migrate.php(85): CodeIgniter\Database\MigrationRunner->latest(NULL)
#8 C:\xampp\htdocs\ITE311-MANSUETO\system\CLI\Commands.php(74): CodeIgniter\Commands\Database\Migrate->run(Array)
#9 C:\xampp\htdocs\ITE311-MANSUETO\system\CLI\Console.php(47): CodeIgniter\CLI\Commands->run('migrate', Array)
#10 C:\xampp\htdocs\ITE311-MANSUETO\system\Boot.php(388): CodeIgniter\CLI\Console->run()
#11 C:\xampp\htdocs\ITE311-MANSUETO\system\Boot.php(133): CodeIgniter\Boot::runCommand(Object(CodeIgniter\CLI\Console))
#12 C:\xampp\htdocs\ITE311-MANSUETO\spark(87): CodeIgniter\Boot::bootSpark(Object(Config\Paths))
#13 {main}
